<?xml version="1.0" encoding="UTF-8"?>
<testng-results ignored="0" total="1" passed="1" failed="0" skipped="0">
  <reporter-output>
  </reporter-output>
  <suite started-at="2023-03-03T09:16:23 IST" name="Default suite" finished-at="2023-03-03T09:16:47 IST" duration-ms="24204">
    <groups>
    </groups>
    <test started-at="2023-03-03T09:16:23 IST" name="Default test" finished-at="2023-03-03T09:16:47 IST" duration-ms="24204">
      <class name="Elements.BrokenLink">
        <test-method is-config="true" signature="baseTest()[pri:0, instance:Elements.BrokenLink@4cc451f2]" started-at="2023-03-03T09:16:23 IST" name="baseTest" finished-at="2023-03-03T09:16:42 IST" duration-ms="18852" status="PASS">
          <reporter-output>
          </reporter-output>
        </test-method> <!-- baseTest -->
        <test-method signature="brokenLinkImage()[pri:0, instance:Elements.BrokenLink@4cc451f2]" started-at="2023-03-03T09:16:42 IST" name="brokenLinkImage" finished-at="2023-03-03T09:16:47 IST" duration-ms="4637" status="PASS">
          <reporter-output>
          </reporter-output>
        </test-method> <!-- brokenLinkImage -->
        <test-method is-config="true" signature="afterMethod()[pri:0, instance:Elements.BrokenLink@4cc451f2]" started-at="2023-03-03T09:16:47 IST" name="afterMethod" finished-at="2023-03-03T09:16:47 IST" duration-ms="634" status="PASS">
          <reporter-output>
          </reporter-output>
        </test-method> <!-- afterMethod -->
      </class> <!-- Elements.BrokenLink -->
    </test> <!-- Default test -->
  </suite> <!-- Default suite -->
</testng-results>
